This is XeTeX, Version 3.1415926-2.2-0.9995.2 (TeX Live 2009/Debian) (format=xelatex 2012.5.31)  17 MAR 2014 20:54
entering extended mode
 %&-line parsing enabled.
**hyperminimization-with-lexc2.tex
(./hyperminimization-with-lexc2.tex
LaTeX2e <2009/09/24>
Babel <v3.8l> and hyphenation patterns for english, usenglishmax, dumylang, noh
yphenation, finnish, french, basque, loaded.
(/usr/share/texmf-texlive/tex/latex/base/article.cls
Document Class: article 2007/10/19 v1.4h Standard LaTeX document class
(/usr/share/texmf-texlive/tex/latex/base/size11.clo
File: size11.clo 2007/10/19 v1.4h Standard LaTeX file (size option)
)
\c@part=\count80
\c@section=\count81
\c@subsection=\count82
\c@subsubsection=\count83
\c@paragraph=\count84
\c@subparagraph=\count85
\c@figure=\count86
\c@table=\count87
\abovecaptionskip=\skip41
\belowcaptionskip=\skip42
\bibindent=\dimen102
) (./coling2014.sty
Conference Style for COLING 2014 -- prepared 29th January 2014
\titlebox=\skip43
) (/usr/share/texmf-texlive/tex/latex/psnfss/times.sty
Package: times 2005/04/12 PSNFSS-v9.2a (SPQR) 
)
(/usr/share/texmf-texlive/tex/latex/ltxmisc/url.sty
\Urlmuskip=\muskip10
Package: url 2006/04/12  ver 3.3  Verb mode for urls, etc.
)
(/usr/share/texmf-texlive/tex/latex/base/latexsym.sty
Package: latexsym 1998/08/17 v2.2e Standard LaTeX package (lasy symbols)
\symlasy=\mathgroup4
LaTeX Font Info:    Overwriting symbol font `lasy' in version `bold'
(Font)                  U/lasy/m/n --> U/lasy/b/n on input line 47.
)
(./hyperminimization-with-lexc2.aux)
\openout1 = `hyperminimization-with-lexc2.aux'.

LaTeX Font Info:    Checking defaults for OML/cmm/m/it on input line 24.
LaTeX Font Info:    ... okay on input line 24.
LaTeX Font Info:    Checking defaults for T1/cmr/m/n on input line 24.
LaTeX Font Info:    ... okay on input line 24.
LaTeX Font Info:    Checking defaults for OT1/cmr/m/n on input line 24.
LaTeX Font Info:    ... okay on input line 24.
LaTeX Font Info:    Checking defaults for OMS/cmsy/m/n on input line 24.
LaTeX Font Info:    ... okay on input line 24.
LaTeX Font Info:    Checking defaults for OMX/cmex/m/n on input line 24.
LaTeX Font Info:    ... okay on input line 24.
LaTeX Font Info:    Checking defaults for U/cmr/m/n on input line 24.
LaTeX Font Info:    ... okay on input line 24.
LaTeX Font Info:    Try loading font information for OT1+ptm on input line 24.

(/usr/share/texmf-texlive/tex/latex/psnfss/ot1ptm.fd
File: ot1ptm.fd 2001/06/04 font definitions for OT1/ptm.
)
LaTeX Font Info:    Font shape `OT1/ptm/bx/n' in size <14.4> not available
(Font)              Font shape `OT1/ptm/b/n' tried instead on input line 25.
LaTeX Font Info:    External font `cmex10' loaded for size
(Font)              <12> on input line 25.
LaTeX Font Info:    External font `cmex10' loaded for size
(Font)              <8> on input line 25.
LaTeX Font Info:    External font `cmex10' loaded for size
(Font)              <6> on input line 25.
LaTeX Font Info:    Try loading font information for U+lasy on input line 25.

(/usr/share/texmf-texlive/tex/latex/base/ulasy.fd
File: ulasy.fd 1998/08/17 v2.2e LaTeX symbol font definitions
)
LaTeX Font Info:    Font shape `OT1/ptm/bx/n' in size <12> not available
(Font)              Font shape `OT1/ptm/b/n' tried instead on input line 25.
LaTeX Font Info:    Try loading font information for OT1+pcr on input line 25.

(/usr/share/texmf-texlive/tex/latex/psnfss/ot1pcr.fd
File: ot1pcr.fd 2001/06/04 font definitions for OT1/pcr.
)
LaTeX Font Info:    External font `cmex10' loaded for size
(Font)              <9> on input line 68.
LaTeX Font Info:    External font `cmex10' loaded for size
(Font)              <5> on input line 68.
LaTeX Font Info:    Font shape `OT1/ptm/bx/n' in size <9> not available
(Font)              Font shape `OT1/ptm/b/n' tried instead on input line 68.


LaTeX Warning: Reference `licence' on page 1 undefined on input line 68.

LaTeX Font Info:    Font shape `OT1/ptm/bx/n' in size <10.95> not available
(Font)              Font shape `OT1/ptm/b/n' tried instead on input line 102.
LaTeX Font Info:    External font `cmex10' loaded for size
(Font)              <10.95> on input line 114.
[1

]
Overfull \hbox (17.79535pt too wide) in paragraph at lines 168--168
[] \OT1/pcr/m/n/10.95 StringPairVector newVector(tokenizer_.tokenize(joinerEnc 
+ joinerEnc));[] 
 []


Overfull \hbox (50.64531pt too wide) in paragraph at lines 168--168
[]\OT1/pcr/m/n/10.95 $ StringPairVector newVector(tokenizer_.tokenize(flagPstri
ng + flagRstring));[] 
 []


Overfull \hbox (182.04515pt too wide) in paragraph at lines 168--168
[]\OT1/pcr/m/n/10.95 StringPairVector newVector(tokenizer_.tokenize(alph)); <--
- all right symbols, a da nije jedan od[] 
 []


Overfull \hbox (4.65536pt too wide) in paragraph at lines 168--168
[]                                \OT1/pcr/m/n/10.95 String prefix1("@@ANOTHER_
EPSILON@@");[] 
 []


Overfull \hbox (18.92465pt too wide) in paragraph at lines 170--176
[]\OT1/ptm/m/n/10.95 ---- Joniers -> ep-silon ---- In-sert reg-u-lar ex-pres-si
ons ---- $\OML/cmm/m/it/10.95 lexicons[]asic:substitute\OT1/cmr/m/n/10.95 (\OML
/cmm/m/it/10.95 regMarkToTr; true\OT1/cmr/m/n/10.95 );$ 
 []

[2]
Missing character: There is no é in font ptmr7t!
 (./hyperminimization-with-lexc2.bbl
Missing character: There is no é in font ptmr7t!
Missing character: There is no — in font ptmr7t!
) [3]
(./hyperminimization-with-lexc2.aux)

LaTeX Warning: There were undefined references.

 ) 
Here is how much of TeX's memory you used:
 476 strings out of 495694
 6010 string characters out of 1188240
 55347 words of memory out of 3000000
 3660 multiletter control sequences out of 15000+50000
 15445 words of font info for 49 fonts, out of 3000000 for 9000
 28 hyphenation exceptions out of 8191
 23i,8n,19p,501b,228s stack positions out of 5000i,500n,10000p,200000b,50000s

Output written on hyperminimization-with-lexc2.pdf (3 pages).
