This file contains any messages produced by compilers while
running configure, to aid debugging if configure makes a mistake.

It was created by OpenFst configure 1.1, which was
generated by GNU Autoconf 2.65.  Invocation command line was

  $ ./configure 

## --------- ##
## Platform. ##
## --------- ##

hostname = cockatrice
uname -m = i686
uname -r = 2.6.29-gentoo-r5
uname -s = Linux
uname -v = #6 SMP Mon Oct 26 11:46:49 EET 2009

/usr/bin/uname -p = Intel(R) Atom(TM) CPU N280 @ 1.66GHz
/bin/uname -X     = unknown

/bin/arch              = unknown
/usr/bin/arch -k       = unknown
/usr/convex/getsysinfo = unknown
/usr/bin/hostinfo      = unknown
/bin/machine           = unknown
/usr/bin/oslevel       = unknown
/bin/universe          = unknown

PATH: /usr/local/bin
PATH: /usr/bin
PATH: /bin
PATH: /opt/bin
PATH: /usr/i686-pc-linux-gnu/gcc-bin/4.3.4
PATH: /home/flammie/bin/
PATH: /home/flammie/bin/


## ----------- ##
## Core tests. ##
## ----------- ##

configure:2438: checking for a BSD-compatible install
configure:2506: result: /usr/bin/install -c
configure:2517: checking whether build environment is sane
configure:2567: result: yes
configure:2708: checking for a thread-safe mkdir -p
configure:2747: result: /bin/mkdir -p
configure:2760: checking for gawk
configure:2776: found /usr/bin/gawk
configure:2787: result: gawk
configure:2798: checking whether make sets $(MAKE)
configure:2820: result: yes
configure:2958: checking for g++
configure:2974: found /usr/bin/g++
configure:2985: result: g++
configure:3012: checking for C++ compiler version
configure:3021: g++ --version >&5
g++ (Gentoo 4.3.4 p1.0, pie-10.1.5) 4.3.4
Copyright (C) 2008 Free Software Foundation, Inc.
This is free software; see the source for copying conditions.  There is NO
warranty; not even for MERCHANTABILITY or FITNESS FOR A PARTICULAR PURPOSE.

configure:3032: $? = 0
configure:3021: g++ -v >&5
Using built-in specs.
Target: i686-pc-linux-gnu
Configured with: /var/tmp/paludis/sys-devel-gcc-4.3.4/work/gcc-4.3.4/configure --prefix=/usr --bindir=/usr/i686-pc-linux-gnu/gcc-bin/4.3.4 --includedir=/usr/lib/gcc/i686-pc-linux-gnu/4.3.4/include --datadir=/usr/share/gcc-data/i686-pc-linux-gnu/4.3.4 --mandir=/usr/share/gcc-data/i686-pc-linux-gnu/4.3.4/man --infodir=/usr/share/gcc-data/i686-pc-linux-gnu/4.3.4/info --with-gxx-include-dir=/usr/lib/gcc/i686-pc-linux-gnu/4.3.4/include/g++-v4 --host=i686-pc-linux-gnu --build=i686-pc-linux-gnu --disable-altivec --disable-fixed-point --enable-nls --without-included-gettext --with-system-zlib --disable-checking --disable-werror --enable-secureplt --disable-multilib --enable-libmudflap --disable-libssp --enable-libgomp --disable-libgcj --with-arch=i686 --enable-languages=c,c++,treelang,fortran --enable-shared --enable-threads=posix --enable-__cxa_atexit --enable-clocale=gnu --with-bugurl=http://bugs.gentoo.org/ --with-pkgversion='Gentoo 4.3.4 p1.0, pie-10.1.5'
Thread model: posix
gcc version 4.3.4 (Gentoo 4.3.4 p1.0, pie-10.1.5) 
configure:3032: $? = 0
configure:3021: g++ -V >&5
g++: '-V' option must have argument
configure:3032: $? = 1
configure:3021: g++ -qversion >&5
g++: unrecognized option '-qversion'
g++: no input files
configure:3032: $? = 1
configure:3052: checking whether the C++ compiler works
configure:3074: g++ -O2 -march=native -g -Wall -Wextra   conftest.cpp  >&5
configure:3078: $? = 0
configure:3127: result: yes
configure:3130: checking for C++ compiler default output file name
configure:3132: result: a.out
configure:3138: checking for suffix of executables
configure:3145: g++ -o conftest -O2 -march=native -g -Wall -Wextra   conftest.cpp  >&5
configure:3149: $? = 0
configure:3171: result: 
configure:3193: checking whether we are cross compiling
configure:3201: g++ -o conftest -O2 -march=native -g -Wall -Wextra   conftest.cpp  >&5
configure:3205: $? = 0
configure:3212: ./conftest
configure:3216: $? = 0
configure:3231: result: no
configure:3236: checking for suffix of object files
configure:3258: g++ -c -O2 -march=native -g -Wall -Wextra  conftest.cpp >&5
configure:3262: $? = 0
configure:3283: result: o
configure:3287: checking whether we are using the GNU C++ compiler
configure:3306: g++ -c -O2 -march=native -g -Wall -Wextra  conftest.cpp >&5
configure:3306: $? = 0
configure:3315: result: yes
configure:3324: checking whether g++ accepts -g
configure:3344: g++ -c -g  conftest.cpp >&5
configure:3344: $? = 0
configure:3385: result: yes
configure:3419: checking for style of include used by make
configure:3447: result: GNU
configure:3472: checking dependency style of g++
configure:3582: result: gcc3
configure:3626: checking build system type
configure:3640: result: i686-pc-linux-gnu
configure:3660: checking host system type
configure:3673: result: i686-pc-linux-gnu
configure:3741: checking for gcc
configure:3757: found /usr/bin/gcc
configure:3768: result: gcc
configure:3997: checking for C compiler version
configure:4006: gcc --version >&5
gcc (Gentoo 4.3.4 p1.0, pie-10.1.5) 4.3.4
Copyright (C) 2008 Free Software Foundation, Inc.
This is free software; see the source for copying conditions.  There is NO
warranty; not even for MERCHANTABILITY or FITNESS FOR A PARTICULAR PURPOSE.

configure:4017: $? = 0
configure:4006: gcc -v >&5
Using built-in specs.
Target: i686-pc-linux-gnu
Configured with: /var/tmp/paludis/sys-devel-gcc-4.3.4/work/gcc-4.3.4/configure --prefix=/usr --bindir=/usr/i686-pc-linux-gnu/gcc-bin/4.3.4 --includedir=/usr/lib/gcc/i686-pc-linux-gnu/4.3.4/include --datadir=/usr/share/gcc-data/i686-pc-linux-gnu/4.3.4 --mandir=/usr/share/gcc-data/i686-pc-linux-gnu/4.3.4/man --infodir=/usr/share/gcc-data/i686-pc-linux-gnu/4.3.4/info --with-gxx-include-dir=/usr/lib/gcc/i686-pc-linux-gnu/4.3.4/include/g++-v4 --host=i686-pc-linux-gnu --build=i686-pc-linux-gnu --disable-altivec --disable-fixed-point --enable-nls --without-included-gettext --with-system-zlib --disable-checking --disable-werror --enable-secureplt --disable-multilib --enable-libmudflap --disable-libssp --enable-libgomp --disable-libgcj --with-arch=i686 --enable-languages=c,c++,treelang,fortran --enable-shared --enable-threads=posix --enable-__cxa_atexit --enable-clocale=gnu --with-bugurl=http://bugs.gentoo.org/ --with-pkgversion='Gentoo 4.3.4 p1.0, pie-10.1.5'
Thread model: posix
gcc version 4.3.4 (Gentoo 4.3.4 p1.0, pie-10.1.5) 
configure:4017: $? = 0
configure:4006: gcc -V >&5
gcc: '-V' option must have argument
configure:4017: $? = 1
configure:4006: gcc -qversion >&5
gcc: unrecognized option '-qversion'
gcc: no input files
configure:4017: $? = 1
configure:4021: checking whether we are using the GNU C compiler
configure:4040: gcc -c -O2 -march=native -g -Wall -Wextra  conftest.c >&5
configure:4040: $? = 0
configure:4049: result: yes
configure:4058: checking whether gcc accepts -g
configure:4078: gcc -c -g  conftest.c >&5
configure:4078: $? = 0
configure:4119: result: yes
configure:4136: checking for gcc option to accept ISO C89
configure:4200: gcc  -c -O2 -march=native -g -Wall -Wextra  conftest.c >&5
configure:4200: $? = 0
configure:4213: result: none needed
configure:4235: checking dependency style of gcc
configure:4345: result: gcc3
configure:4360: checking for a sed that does not truncate output
configure:4424: result: /bin/sed
configure:4442: checking for grep that handles long lines and -e
configure:4500: result: /bin/grep
configure:4505: checking for egrep
configure:4567: result: /bin/grep -E
configure:4572: checking for fgrep
configure:4634: result: /bin/grep -F
configure:4669: checking for ld used by gcc
configure:4736: result: /usr/i686-pc-linux-gnu/bin/ld
configure:4743: checking if the linker (/usr/i686-pc-linux-gnu/bin/ld) is GNU ld
configure:4758: result: yes
configure:4770: checking for BSD- or MS-compatible name lister (nm)
configure:4819: result: /usr/bin/nm -B
configure:4937: checking the name lister (/usr/bin/nm -B) interface
configure:4944: gcc -c -O2 -march=native -g -Wall -Wextra  conftest.c >&5
configure:4947: /usr/bin/nm -B "conftest.o"
configure:4950: output
00000000 B some_variable
configure:4957: result: BSD nm
configure:4960: checking whether ln -s works
configure:4964: result: yes
configure:4972: checking the maximum length of command line arguments
configure:5092: result: 1572864
configure:5109: checking whether the shell understands some XSI constructs
configure:5119: result: yes
configure:5123: checking whether the shell understands "+="
configure:5129: result: yes
configure:5164: checking for /usr/i686-pc-linux-gnu/bin/ld option to reload object files
configure:5171: result: -r
configure:5240: checking for objdump
configure:5256: found /usr/bin/objdump
configure:5267: result: objdump
configure:5299: checking how to recognize dependent libraries
configure:5495: result: pass_all
configure:5555: checking for ar
configure:5571: found /usr/bin/ar
configure:5582: result: ar
configure:5660: checking for strip
configure:5676: found /usr/bin/strip
configure:5687: result: strip
configure:5759: checking for ranlib
configure:5775: found /usr/bin/ranlib
configure:5786: result: ranlib
configure:5876: checking command to parse /usr/bin/nm -B output from gcc object
configure:5994: gcc -c -O2 -march=native -g -Wall -Wextra  conftest.c >&5
configure:5997: $? = 0
configure:6001: /usr/bin/nm -B conftest.o \| sed -n -e 's/^.*[	 ]\([ABCDGIRSTW][ABCDGIRSTW]*\)[	 ][	 ]*\([_A-Za-z][_A-Za-z0-9]*\)$/\1 \2 \2/p' \> conftest.nm
configure:6004: $? = 0
configure:6058: gcc -o conftest -O2 -march=native -g -Wall -Wextra   conftest.c conftstm.o >&5
configure:6061: $? = 0
configure:6099: result: ok
configure:6908: checking how to run the C preprocessor
configure:6939: gcc -E  conftest.c
configure:6939: $? = 0
configure:6953: gcc -E  conftest.c
conftest.c:11:28: error: ac_nonexistent.h: No such file or directory
configure:6953: $? = 1
configure: failed program was:
| /* confdefs.h */
| #define PACKAGE_NAME "OpenFst"
| #define PACKAGE_TARNAME "openfst"
| #define PACKAGE_VERSION "1.1"
| #define PACKAGE_STRING "OpenFst 1.1"
| #define PACKAGE_BUGREPORT "help@www.openfst.org"
| #define PACKAGE_URL ""
| #define PACKAGE "openfst"
| #define VERSION "1.1"
| /* end confdefs.h.  */
| #include <ac_nonexistent.h>
configure:6978: result: gcc -E
configure:6998: gcc -E  conftest.c
configure:6998: $? = 0
configure:7012: gcc -E  conftest.c
conftest.c:11:28: error: ac_nonexistent.h: No such file or directory
configure:7012: $? = 1
configure: failed program was:
| /* confdefs.h */
| #define PACKAGE_NAME "OpenFst"
| #define PACKAGE_TARNAME "openfst"
| #define PACKAGE_VERSION "1.1"
| #define PACKAGE_STRING "OpenFst 1.1"
| #define PACKAGE_BUGREPORT "help@www.openfst.org"
| #define PACKAGE_URL ""
| #define PACKAGE "openfst"
| #define VERSION "1.1"
| /* end confdefs.h.  */
| #include <ac_nonexistent.h>
configure:7041: checking for ANSI C header files
configure:7061: gcc -c -O2 -march=native -g -Wall -Wextra  conftest.c >&5
configure:7061: $? = 0
configure:7134: gcc -o conftest -O2 -march=native -g -Wall -Wextra   conftest.c  >&5
configure:7134: $? = 0
configure:7134: ./conftest
configure:7134: $? = 0
configure:7145: result: yes
configure:7158: checking for sys/types.h
configure:7158: gcc -c -O2 -march=native -g -Wall -Wextra  conftest.c >&5
configure:7158: $? = 0
configure:7158: result: yes
configure:7158: checking for sys/stat.h
configure:7158: gcc -c -O2 -march=native -g -Wall -Wextra  conftest.c >&5
configure:7158: $? = 0
configure:7158: result: yes
configure:7158: checking for stdlib.h
configure:7158: gcc -c -O2 -march=native -g -Wall -Wextra  conftest.c >&5
configure:7158: $? = 0
configure:7158: result: yes
configure:7158: checking for string.h
configure:7158: gcc -c -O2 -march=native -g -Wall -Wextra  conftest.c >&5
configure:7158: $? = 0
configure:7158: result: yes
configure:7158: checking for memory.h
configure:7158: gcc -c -O2 -march=native -g -Wall -Wextra  conftest.c >&5
configure:7158: $? = 0
configure:7158: result: yes
configure:7158: checking for strings.h
configure:7158: gcc -c -O2 -march=native -g -Wall -Wextra  conftest.c >&5
configure:7158: $? = 0
configure:7158: result: yes
configure:7158: checking for inttypes.h
configure:7158: gcc -c -O2 -march=native -g -Wall -Wextra  conftest.c >&5
configure:7158: $? = 0
configure:7158: result: yes
configure:7158: checking for stdint.h
configure:7158: gcc -c -O2 -march=native -g -Wall -Wextra  conftest.c >&5
configure:7158: $? = 0
configure:7158: result: yes
configure:7158: checking for unistd.h
configure:7158: gcc -c -O2 -march=native -g -Wall -Wextra  conftest.c >&5
configure:7158: $? = 0
configure:7158: result: yes
configure:7173: checking for dlfcn.h
configure:7173: gcc -c -O2 -march=native -g -Wall -Wextra  conftest.c >&5
configure:7173: $? = 0
configure:7173: result: yes
configure:7298: checking for C++ compiler version
configure:7307: g++ --version >&5
g++ (Gentoo 4.3.4 p1.0, pie-10.1.5) 4.3.4
Copyright (C) 2008 Free Software Foundation, Inc.
This is free software; see the source for copying conditions.  There is NO
warranty; not even for MERCHANTABILITY or FITNESS FOR A PARTICULAR PURPOSE.

configure:7318: $? = 0
configure:7307: g++ -v >&5
Using built-in specs.
Target: i686-pc-linux-gnu
Configured with: /var/tmp/paludis/sys-devel-gcc-4.3.4/work/gcc-4.3.4/configure --prefix=/usr --bindir=/usr/i686-pc-linux-gnu/gcc-bin/4.3.4 --includedir=/usr/lib/gcc/i686-pc-linux-gnu/4.3.4/include --datadir=/usr/share/gcc-data/i686-pc-linux-gnu/4.3.4 --mandir=/usr/share/gcc-data/i686-pc-linux-gnu/4.3.4/man --infodir=/usr/share/gcc-data/i686-pc-linux-gnu/4.3.4/info --with-gxx-include-dir=/usr/lib/gcc/i686-pc-linux-gnu/4.3.4/include/g++-v4 --host=i686-pc-linux-gnu --build=i686-pc-linux-gnu --disable-altivec --disable-fixed-point --enable-nls --without-included-gettext --with-system-zlib --disable-checking --disable-werror --enable-secureplt --disable-multilib --enable-libmudflap --disable-libssp --enable-libgomp --disable-libgcj --with-arch=i686 --enable-languages=c,c++,treelang,fortran --enable-shared --enable-threads=posix --enable-__cxa_atexit --enable-clocale=gnu --with-bugurl=http://bugs.gentoo.org/ --with-pkgversion='Gentoo 4.3.4 p1.0, pie-10.1.5'
Thread model: posix
gcc version 4.3.4 (Gentoo 4.3.4 p1.0, pie-10.1.5) 
configure:7318: $? = 0
configure:7307: g++ -V >&5
g++: '-V' option must have argument
configure:7318: $? = 1
configure:7307: g++ -qversion >&5
g++: unrecognized option '-qversion'
g++: no input files
configure:7318: $? = 1
configure:7322: checking whether we are using the GNU C++ compiler
configure:7350: result: yes
configure:7359: checking whether g++ accepts -g
configure:7420: result: yes
configure:7445: checking dependency style of g++
configure:7555: result: gcc3
configure:7578: checking how to run the C++ preprocessor
configure:7605: g++ -E  conftest.cpp
configure:7605: $? = 0
configure:7619: g++ -E  conftest.cpp
conftest.cpp:22:28: error: ac_nonexistent.h: No such file or directory
configure:7619: $? = 1
configure: failed program was:
| /* confdefs.h */
| #define PACKAGE_NAME "OpenFst"
| #define PACKAGE_TARNAME "openfst"
| #define PACKAGE_VERSION "1.1"
| #define PACKAGE_STRING "OpenFst 1.1"
| #define PACKAGE_BUGREPORT "help@www.openfst.org"
| #define PACKAGE_URL ""
| #define PACKAGE "openfst"
| #define VERSION "1.1"
| #define STDC_HEADERS 1
| #define HAVE_SYS_TYPES_H 1
| #define HAVE_SYS_STAT_H 1
| #define HAVE_STDLIB_H 1
| #define HAVE_STRING_H 1
| #define HAVE_MEMORY_H 1
| #define HAVE_STRINGS_H 1
| #define HAVE_INTTYPES_H 1
| #define HAVE_STDINT_H 1
| #define HAVE_UNISTD_H 1
| #define HAVE_DLFCN_H 1
| /* end confdefs.h.  */
| #include <ac_nonexistent.h>
configure:7644: result: g++ -E
configure:7664: g++ -E  conftest.cpp
configure:7664: $? = 0
configure:7678: g++ -E  conftest.cpp
conftest.cpp:22:28: error: ac_nonexistent.h: No such file or directory
configure:7678: $? = 1
configure: failed program was:
| /* confdefs.h */
| #define PACKAGE_NAME "OpenFst"
| #define PACKAGE_TARNAME "openfst"
| #define PACKAGE_VERSION "1.1"
| #define PACKAGE_STRING "OpenFst 1.1"
| #define PACKAGE_BUGREPORT "help@www.openfst.org"
| #define PACKAGE_URL ""
| #define PACKAGE "openfst"
| #define VERSION "1.1"
| #define STDC_HEADERS 1
| #define HAVE_SYS_TYPES_H 1
| #define HAVE_SYS_STAT_H 1
| #define HAVE_STDLIB_H 1
| #define HAVE_STRING_H 1
| #define HAVE_MEMORY_H 1
| #define HAVE_STRINGS_H 1
| #define HAVE_INTTYPES_H 1
| #define HAVE_STDINT_H 1
| #define HAVE_UNISTD_H 1
| #define HAVE_DLFCN_H 1
| /* end confdefs.h.  */
| #include <ac_nonexistent.h>
configure:7884: checking for objdir
configure:7899: result: .libs
configure:8191: checking if gcc supports -fno-rtti -fno-exceptions
configure:8209: gcc -c -O2 -march=native -g -Wall -Wextra  -fno-rtti -fno-exceptions conftest.c >&5
cc1: warning: command line option "-fno-rtti" is valid for C++/ObjC++ but not for C
configure:8213: $? = 0
configure:8226: result: no
configure:8246: checking for gcc option to produce PIC
configure:8518: result: -fPIC -DPIC
configure:8530: checking if gcc PIC flag -fPIC -DPIC works
configure:8548: gcc -c -O2 -march=native -g -Wall -Wextra  -fPIC -DPIC -DPIC conftest.c >&5
configure:8552: $? = 0
configure:8565: result: yes
configure:8589: checking if gcc static flag -static works
configure:8617: result: yes
configure:8632: checking if gcc supports -c -o file.o
configure:8653: gcc -c -O2 -march=native -g -Wall -Wextra  -o out/conftest2.o conftest.c >&5
configure:8657: $? = 0
configure:8679: result: yes
configure:8687: checking if gcc supports -c -o file.o
configure:8734: result: yes
configure:8767: checking whether the gcc linker (/usr/i686-pc-linux-gnu/bin/ld) supports shared libraries
configure:9753: result: yes
configure:9790: checking whether -lc should be explicitly linked in
configure:9795: gcc -c -O2 -march=native -g -Wall -Wextra  conftest.c >&5
configure:9798: $? = 0
configure:9813: gcc -shared conftest.o  -v -Wl,-soname -Wl,conftest -o conftest 2\>\&1 \| /bin/grep  -lc  \>/dev/null 2\>\&1
configure:9816: $? = 0
configure:9828: result: no
configure:9992: checking dynamic linker characteristics
configure:10438: gcc -o conftest -O2 -march=native -g -Wall -Wextra   -Wl,-rpath -Wl,/foo conftest.c  >&5
configure:10438: $? = 0
configure:10656: result: GNU/Linux ld.so
configure:10758: checking how to hardcode library paths into programs
configure:10783: result: immediate
configure:11303: checking whether stripping libraries is possible
configure:11308: result: yes
configure:11343: checking if libtool supports shared libraries
configure:11345: result: yes
configure:11348: checking whether to build shared libraries
configure:11369: result: yes
configure:11372: checking whether to build static libraries
configure:11376: result: yes
configure:11526: checking for ld used by g++
configure:11593: result: /usr/i686-pc-linux-gnu/bin/ld
configure:11600: checking if the linker (/usr/i686-pc-linux-gnu/bin/ld) is GNU ld
configure:11615: result: yes
configure:11670: checking whether the g++ linker (/usr/i686-pc-linux-gnu/bin/ld) supports shared libraries
configure:12583: result: yes
configure:12611: g++ -c -O2 -march=native -g -Wall -Wextra  conftest.cpp >&5
configure:12614: $? = 0
configure:12796: checking for g++ option to produce PIC
configure:13113: result: -fPIC -DPIC
configure:13122: checking if g++ PIC flag -fPIC -DPIC works
configure:13140: g++ -c -O2 -march=native -g -Wall -Wextra  -fPIC -DPIC -DPIC conftest.cpp >&5
configure:13144: $? = 0
configure:13157: result: yes
configure:13178: checking if g++ static flag -static works
configure:13206: result: yes
configure:13218: checking if g++ supports -c -o file.o
configure:13239: g++ -c -O2 -march=native -g -Wall -Wextra  -o out/conftest2.o conftest.cpp >&5
configure:13243: $? = 0
configure:13265: result: yes
configure:13270: checking if g++ supports -c -o file.o
configure:13317: result: yes
configure:13347: checking whether the g++ linker (/usr/i686-pc-linux-gnu/bin/ld) supports shared libraries
configure:13373: result: yes
configure:13510: checking dynamic linker characteristics
configure:13904: g++ -o conftest -O2 -march=native -g -Wall -Wextra   -Wl,-rpath -Wl,/foo conftest.cpp  >&5
configure:13904: $? = 0
configure:14122: result: GNU/Linux ld.so
configure:14173: checking how to hardcode library paths into programs
configure:14198: result: immediate
configure:14267: checking for std::tr1::hash<long long unsigned>
configure:14267: g++ -c -O2 -march=native -g -Wall -Wextra  conftest.cpp >&5
configure:14267: $? = 0
configure:14267: g++ -c -O2 -march=native -g -Wall -Wextra  conftest.cpp >&5
conftest.cpp: In function 'int main()':
conftest.cpp:28: error: expected primary-expression before ')' token
configure:14267: $? = 1
configure: failed program was:
| /* confdefs.h */
| #define PACKAGE_NAME "OpenFst"
| #define PACKAGE_TARNAME "openfst"
| #define PACKAGE_VERSION "1.1"
| #define PACKAGE_STRING "OpenFst 1.1"
| #define PACKAGE_BUGREPORT "help@www.openfst.org"
| #define PACKAGE_URL ""
| #define PACKAGE "openfst"
| #define VERSION "1.1"
| #define STDC_HEADERS 1
| #define HAVE_SYS_TYPES_H 1
| #define HAVE_SYS_STAT_H 1
| #define HAVE_STDLIB_H 1
| #define HAVE_STRING_H 1
| #define HAVE_MEMORY_H 1
| #define HAVE_STRINGS_H 1
| #define HAVE_INTTYPES_H 1
| #define HAVE_STDINT_H 1
| #define HAVE_UNISTD_H 1
| #define HAVE_DLFCN_H 1
| #define LT_OBJDIR ".libs/"
| /* end confdefs.h.  */
| #include <tr1/unordered_map>
| 
| int
| main ()
| {
| if (sizeof ((std::tr1::hash<long long unsigned>)))
| 	    return 0;
|   ;
|   return 0;
| }
configure:14267: result: yes
configure:14278: checking for __gnu_cxx::slist<int>
configure:14278: g++ -c -O2 -march=native -g -Wall -Wextra  conftest.cpp >&5
configure:14278: $? = 0
configure:14278: g++ -c -O2 -march=native -g -Wall -Wextra  conftest.cpp >&5
conftest.cpp: In function 'int main()':
conftest.cpp:29: error: expected primary-expression before ')' token
configure:14278: $? = 1
configure: failed program was:
| /* confdefs.h */
| #define PACKAGE_NAME "OpenFst"
| #define PACKAGE_TARNAME "openfst"
| #define PACKAGE_VERSION "1.1"
| #define PACKAGE_STRING "OpenFst 1.1"
| #define PACKAGE_BUGREPORT "help@www.openfst.org"
| #define PACKAGE_URL ""
| #define PACKAGE "openfst"
| #define VERSION "1.1"
| #define STDC_HEADERS 1
| #define HAVE_SYS_TYPES_H 1
| #define HAVE_SYS_STAT_H 1
| #define HAVE_STDLIB_H 1
| #define HAVE_STRING_H 1
| #define HAVE_MEMORY_H 1
| #define HAVE_STRINGS_H 1
| #define HAVE_INTTYPES_H 1
| #define HAVE_STDINT_H 1
| #define HAVE_UNISTD_H 1
| #define HAVE_DLFCN_H 1
| #define LT_OBJDIR ".libs/"
| #define HAVE_STD__TR1__HASH_LONG_LONG_UNSIGNED_ 1
| /* end confdefs.h.  */
| #include <ext/slist>
| 
| int
| main ()
| {
| if (sizeof ((__gnu_cxx::slist<int>)))
| 	    return 0;
|   ;
|   return 0;
| }
configure:14278: result: yes
configure:14415: creating ./config.status

## ---------------------- ##
## Running config.status. ##
## ---------------------- ##

This file was extended by OpenFst config.status 1.1, which was
generated by GNU Autoconf 2.65.  Invocation command line was

  CONFIG_FILES    = 
  CONFIG_HEADERS  = 
  CONFIG_LINKS    = 
  CONFIG_COMMANDS = 
  $ ./config.status 

on cockatrice

config.status:1132: creating Makefile
config.status:1132: creating src/Makefile
config.status:1132: creating src/include/Makefile
config.status:1132: creating src/lib/Makefile
config.status:1132: creating src/bin/Makefile
config.status:1132: creating src/test/Makefile
config.status:1132: creating config.h
config.status:1304: config.h is unchanged
config.status:1132: creating src/include/fst/config.h
config.status:1304: src/include/fst/config.h is unchanged
config.status:1352: executing depfiles commands
config.status:1352: executing libtool commands

## ---------------- ##
## Cache variables. ##
## ---------------- ##

ac_cv_build=i686-pc-linux-gnu
ac_cv_c_compiler_gnu=yes
ac_cv_cxx_compiler_gnu=yes
ac_cv_env_CCC_set=
ac_cv_env_CCC_value=
ac_cv_env_CC_set=
ac_cv_env_CC_value=
ac_cv_env_CFLAGS_set=set
ac_cv_env_CFLAGS_value='-O2 -march=native -g -Wall -Wextra'
ac_cv_env_CPPFLAGS_set=
ac_cv_env_CPPFLAGS_value=
ac_cv_env_CPP_set=
ac_cv_env_CPP_value=
ac_cv_env_CXXCPP_set=
ac_cv_env_CXXCPP_value=
ac_cv_env_CXXFLAGS_set=set
ac_cv_env_CXXFLAGS_value='-O2 -march=native -g -Wall -Wextra'
ac_cv_env_CXX_set=
ac_cv_env_CXX_value=
ac_cv_env_LDFLAGS_set=
ac_cv_env_LDFLAGS_value=
ac_cv_env_LIBS_set=
ac_cv_env_LIBS_value=
ac_cv_env_build_alias_set=
ac_cv_env_build_alias_value=
ac_cv_env_host_alias_set=
ac_cv_env_host_alias_value=
ac_cv_env_target_alias_set=
ac_cv_env_target_alias_value=
ac_cv_header_dlfcn_h=yes
ac_cv_header_inttypes_h=yes
ac_cv_header_memory_h=yes
ac_cv_header_stdc=yes
ac_cv_header_stdint_h=yes
ac_cv_header_stdlib_h=yes
ac_cv_header_string_h=yes
ac_cv_header_strings_h=yes
ac_cv_header_sys_stat_h=yes
ac_cv_header_sys_types_h=yes
ac_cv_header_unistd_h=yes
ac_cv_host=i686-pc-linux-gnu
ac_cv_objext=o
ac_cv_path_EGREP='/bin/grep -E'
ac_cv_path_FGREP='/bin/grep -F'
ac_cv_path_GREP=/bin/grep
ac_cv_path_SED=/bin/sed
ac_cv_path_install='/usr/bin/install -c'
ac_cv_path_mkdir=/bin/mkdir
ac_cv_prog_AWK=gawk
ac_cv_prog_CPP='gcc -E'
ac_cv_prog_CXXCPP='g++ -E'
ac_cv_prog_ac_ct_AR=ar
ac_cv_prog_ac_ct_CC=gcc
ac_cv_prog_ac_ct_CXX=g++
ac_cv_prog_ac_ct_OBJDUMP=objdump
ac_cv_prog_ac_ct_RANLIB=ranlib
ac_cv_prog_ac_ct_STRIP=strip
ac_cv_prog_cc_c89=
ac_cv_prog_cc_g=yes
ac_cv_prog_cxx_g=yes
ac_cv_prog_make_make_set=yes
ac_cv_type___gnu_cxx__slist_int_=yes
ac_cv_type_std__tr1__hash_long_long_unsigned_=yes
am_cv_CC_dependencies_compiler_type=gcc3
am_cv_CXX_dependencies_compiler_type=gcc3
lt_cv_deplibs_check_method=pass_all
lt_cv_file_magic_cmd='$MAGIC_CMD'
lt_cv_file_magic_test_file=
lt_cv_ld_reload_flag=-r
lt_cv_nm_interface='BSD nm'
lt_cv_objdir=.libs
lt_cv_path_LD=/usr/i686-pc-linux-gnu/bin/ld
lt_cv_path_LDCXX=/usr/i686-pc-linux-gnu/bin/ld
lt_cv_path_NM='/usr/bin/nm -B'
lt_cv_prog_compiler_c_o=yes
lt_cv_prog_compiler_c_o_CXX=yes
lt_cv_prog_compiler_pic_works=yes
lt_cv_prog_compiler_pic_works_CXX=yes
lt_cv_prog_compiler_rtti_exceptions=no
lt_cv_prog_compiler_static_works=yes
lt_cv_prog_compiler_static_works_CXX=yes
lt_cv_prog_gnu_ld=yes
lt_cv_prog_gnu_ldcxx=yes
lt_cv_sys_global_symbol_pipe='sed -n -e '\''s/^.*[	 ]\([ABCDGIRSTW][ABCDGIRSTW]*\)[	 ][	 ]*\([_A-Za-z][_A-Za-z0-9]*\)$/\1 \2 \2/p'\'''
lt_cv_sys_global_symbol_to_c_name_address='sed -n -e '\''s/^: \([^ ]*\) $/  {\"\1\", (void *) 0},/p'\'' -e '\''s/^[ABCDGIRSTW]* \([^ ]*\) \([^ ]*\)$/  {"\2", (void *) \&\2},/p'\'''
lt_cv_sys_global_symbol_to_c_name_address_lib_prefix='sed -n -e '\''s/^: \([^ ]*\) $/  {\"\1\", (void *) 0},/p'\'' -e '\''s/^[ABCDGIRSTW]* \([^ ]*\) \(lib[^ ]*\)$/  {"\2", (void *) \&\2},/p'\'' -e '\''s/^[ABCDGIRSTW]* \([^ ]*\) \([^ ]*\)$/  {"lib\2", (void *) \&\2},/p'\'''
lt_cv_sys_global_symbol_to_cdecl='sed -n -e '\''s/^T .* \(.*\)$/extern int \1();/p'\'' -e '\''s/^[ABCDGIRSTW]* .* \(.*\)$/extern char \1;/p'\'''
lt_cv_sys_max_cmd_len=1572864

## ----------------- ##
## Output variables. ##
## ----------------- ##

ACLOCAL='${SHELL} /home/flammie/src/hfst-svn/trunk/hfst3_proposition/libhfst/src/implementations/openfst-1.1/missing --run aclocal-1.11'
AMDEPBACKSLASH='\'
AMDEP_FALSE='#'
AMDEP_TRUE=''
AMTAR='${SHELL} /home/flammie/src/hfst-svn/trunk/hfst3_proposition/libhfst/src/implementations/openfst-1.1/missing --run tar'
AR='ar'
AUTOCONF='${SHELL} /home/flammie/src/hfst-svn/trunk/hfst3_proposition/libhfst/src/implementations/openfst-1.1/missing --run autoconf'
AUTOHEADER='${SHELL} /home/flammie/src/hfst-svn/trunk/hfst3_proposition/libhfst/src/implementations/openfst-1.1/missing --run autoheader'
AUTOMAKE='${SHELL} /home/flammie/src/hfst-svn/trunk/hfst3_proposition/libhfst/src/implementations/openfst-1.1/missing --run automake-1.11'
AWK='gawk'
CC='gcc'
CCDEPMODE='depmode=gcc3'
CFLAGS='-O2 -march=native -g -Wall -Wextra'
CPP='gcc -E'
CPPFLAGS=''
CXX='g++'
CXXCPP='g++ -E'
CXXDEPMODE='depmode=gcc3'
CXXFLAGS='-O2 -march=native -g -Wall -Wextra'
CYGPATH_W='echo'
DEFS='-DHAVE_CONFIG_H'
DEPDIR='.deps'
DSYMUTIL=''
DUMPBIN=''
ECHO_C=''
ECHO_N='-n'
ECHO_T=''
EGREP='/bin/grep -E'
EXEEXT=''
FGREP='/bin/grep -F'
GREP='/bin/grep'
INSTALL_DATA='${INSTALL} -m 644'
INSTALL_PROGRAM='${INSTALL}'
INSTALL_SCRIPT='${INSTALL}'
INSTALL_STRIP_PROGRAM='$(install_sh) -c -s'
LD='/usr/i686-pc-linux-gnu/bin/ld'
LDFLAGS=''
LIBOBJS=''
LIBS=''
LIBTOOL='$(SHELL) $(top_builddir)/libtool'
LIPO=''
LN_S='ln -s'
LTLIBOBJS=''
MAKEINFO='${SHELL} /home/flammie/src/hfst-svn/trunk/hfst3_proposition/libhfst/src/implementations/openfst-1.1/missing --run makeinfo'
MKDIR_P='/bin/mkdir -p'
NM='/usr/bin/nm -B'
NMEDIT=''
OBJDUMP='objdump'
OBJEXT='o'
OTOOL64=''
OTOOL=''
PACKAGE='openfst'
PACKAGE_BUGREPORT='help@www.openfst.org'
PACKAGE_NAME='OpenFst'
PACKAGE_STRING='OpenFst 1.1'
PACKAGE_TARNAME='openfst'
PACKAGE_URL=''
PACKAGE_VERSION='1.1'
PATH_SEPARATOR=':'
RANLIB='ranlib'
SED='/bin/sed'
SET_MAKE=''
SHELL='/bin/sh'
STRIP='strip'
VERSION='1.1'
ac_ct_CC='gcc'
ac_ct_CXX='g++'
ac_ct_DUMPBIN=''
am__EXEEXT_FALSE=''
am__EXEEXT_TRUE='#'
am__fastdepCC_FALSE='#'
am__fastdepCC_TRUE=''
am__fastdepCXX_FALSE='#'
am__fastdepCXX_TRUE=''
am__include='include'
am__isrc=''
am__leading_dot='.'
am__quote=''
am__tar='${AMTAR} chof - "$$tardir"'
am__untar='${AMTAR} xf -'
bindir='${exec_prefix}/bin'
build='i686-pc-linux-gnu'
build_alias=''
build_cpu='i686'
build_os='linux-gnu'
build_vendor='pc'
datadir='${datarootdir}'
datarootdir='${prefix}/share'
docdir='${datarootdir}/doc/${PACKAGE_TARNAME}'
dvidir='${docdir}'
exec_prefix='${prefix}'
host='i686-pc-linux-gnu'
host_alias=''
host_cpu='i686'
host_os='linux-gnu'
host_vendor='pc'
htmldir='${docdir}'
includedir='${prefix}/include'
infodir='${datarootdir}/info'
install_sh='${SHELL} /home/flammie/src/hfst-svn/trunk/hfst3_proposition/libhfst/src/implementations/openfst-1.1/install-sh'
libdir='${exec_prefix}/lib'
libexecdir='${exec_prefix}/libexec'
localedir='${datarootdir}/locale'
localstatedir='${prefix}/var'
lt_ECHO='echo'
mandir='${datarootdir}/man'
mkdir_p='/bin/mkdir -p'
oldincludedir='/usr/include'
pdfdir='${docdir}'
prefix='/usr/local'
program_transform_name='s,x,x,'
psdir='${docdir}'
sbindir='${exec_prefix}/sbin'
sharedstatedir='${prefix}/com'
sysconfdir='${prefix}/etc'
target_alias=''

## ----------- ##
## confdefs.h. ##
## ----------- ##

/* confdefs.h */
#define PACKAGE_NAME "OpenFst"
#define PACKAGE_TARNAME "openfst"
#define PACKAGE_VERSION "1.1"
#define PACKAGE_STRING "OpenFst 1.1"
#define PACKAGE_BUGREPORT "help@www.openfst.org"
#define PACKAGE_URL ""
#define PACKAGE "openfst"
#define VERSION "1.1"
#define STDC_HEADERS 1
#define HAVE_SYS_TYPES_H 1
#define HAVE_SYS_STAT_H 1
#define HAVE_STDLIB_H 1
#define HAVE_STRING_H 1
#define HAVE_MEMORY_H 1
#define HAVE_STRINGS_H 1
#define HAVE_INTTYPES_H 1
#define HAVE_STDINT_H 1
#define HAVE_UNISTD_H 1
#define HAVE_DLFCN_H 1
#define LT_OBJDIR ".libs/"
#define HAVE_STD__TR1__HASH_LONG_LONG_UNSIGNED_ 1
#define HAVE___GNU_CXX__SLIST_INT_ 1

configure: exit 0
