This file contains any messages produced by compilers while
running configure, to aid debugging if configure makes a mistake.

It was created by OpenFst configure 1.1, which was
generated by GNU Autoconf 2.64.  Invocation command line was

  $ ./configure 

## --------- ##
## Platform. ##
## --------- ##

hostname = hfst
uname -m = x86_64
uname -r = 2.6.31-14-server
uname -s = Linux
uname -v = #48-Ubuntu SMP Fri Oct 16 15:07:34 UTC 2009

/usr/bin/uname -p = unknown
/bin/uname -X     = unknown

/bin/arch              = unknown
/usr/bin/arch -k       = unknown
/usr/convex/getsysinfo = unknown
/usr/bin/hostinfo      = unknown
/bin/machine           = unknown
/usr/bin/oslevel       = unknown
/bin/universe          = unknown

PATH: /home/mpsilfve/bin
PATH: /usr/local/sbin
PATH: /usr/local/bin
PATH: /usr/sbin
PATH: /usr/bin
PATH: /sbin
PATH: /bin
PATH: /usr/games


## ----------- ##
## Core tests. ##
## ----------- ##

configure:2435: checking for a BSD-compatible install
configure:2503: result: /usr/bin/install -c
configure:2514: checking whether build environment is sane
configure:2564: result: yes
configure:2705: checking for a thread-safe mkdir -p
configure:2744: result: /home/mpsilfve/bin/mkdir -p
configure:2757: checking for gawk
configure:2773: found /usr/bin/gawk
configure:2784: result: gawk
configure:2795: checking whether make sets $(MAKE)
configure:2817: result: yes
configure:2955: checking for g++
configure:2971: found /usr/bin/g++
configure:2982: result: g++
configure:3009: checking for C++ compiler version
configure:3018: g++ --version >&5
g++ (Ubuntu 4.4.1-4ubuntu8) 4.4.1
Copyright (C) 2009 Free Software Foundation, Inc.
This is free software; see the source for copying conditions.  There is NO
warranty; not even for MERCHANTABILITY or FITNESS FOR A PARTICULAR PURPOSE.

configure:3029: $? = 0
configure:3018: g++ -v >&5
Using built-in specs.
Target: x86_64-linux-gnu
Configured with: ../src/configure -v --with-pkgversion='Ubuntu 4.4.1-4ubuntu8' --with-bugurl=file:///usr/share/doc/gcc-4.4/README.Bugs --enable-languages=c,c++,fortran,objc,obj-c++ --prefix=/usr --enable-shared --enable-multiarch --enable-linker-build-id --with-system-zlib --libexecdir=/usr/lib --without-included-gettext --enable-threads=posix --with-gxx-include-dir=/usr/include/c++/4.4 --program-suffix=-4.4 --enable-nls --enable-clocale=gnu --enable-libstdcxx-debug --enable-objc-gc --disable-werror --with-arch-32=i486 --with-tune=generic --enable-checking=release --build=x86_64-linux-gnu --host=x86_64-linux-gnu --target=x86_64-linux-gnu
Thread model: posix
gcc version 4.4.1 (Ubuntu 4.4.1-4ubuntu8) 
configure:3029: $? = 0
configure:3018: g++ -V >&5
g++: '-V' option must have argument
configure:3029: $? = 1
configure:3018: g++ -qversion >&5
g++: unrecognized option '-qversion'
g++: no input files
configure:3029: $? = 1
configure:3051: checking for C++ compiler default output file name
configure:3073: g++    conftest.cpp  >&5
configure:3077: $? = 0
configure:3114: result: a.out
configure:3130: checking whether the C++ compiler works
configure:3139: ./a.out
configure:3143: $? = 0
configure:3158: result: yes
configure:3165: checking whether we are cross compiling
configure:3167: result: no
configure:3170: checking for suffix of executables
configure:3177: g++ -o conftest    conftest.cpp  >&5
configure:3181: $? = 0
configure:3203: result: 
configure:3209: checking for suffix of object files
configure:3231: g++ -c   conftest.cpp >&5
configure:3235: $? = 0
configure:3256: result: o
configure:3260: checking whether we are using the GNU C++ compiler
configure:3279: g++ -c   conftest.cpp >&5
configure:3279: $? = 0
configure:3288: result: yes
configure:3297: checking whether g++ accepts -g
configure:3317: g++ -c -g  conftest.cpp >&5
configure:3317: $? = 0
configure:3358: result: yes
configure:3392: checking for style of include used by make
configure:3420: result: GNU
configure:3445: checking dependency style of g++
configure:3555: result: gcc3
configure:3599: checking build system type
configure:3613: result: x86_64-unknown-linux-gnu
configure:3633: checking host system type
configure:3646: result: x86_64-unknown-linux-gnu
configure:3714: checking for gcc
configure:3730: found /usr/bin/gcc
configure:3741: result: gcc
configure:3970: checking for C compiler version
configure:3979: gcc --version >&5
gcc (Ubuntu 4.4.1-4ubuntu8) 4.4.1
Copyright (C) 2009 Free Software Foundation, Inc.
This is free software; see the source for copying conditions.  There is NO
warranty; not even for MERCHANTABILITY or FITNESS FOR A PARTICULAR PURPOSE.

configure:3990: $? = 0
configure:3979: gcc -v >&5
Using built-in specs.
Target: x86_64-linux-gnu
Configured with: ../src/configure -v --with-pkgversion='Ubuntu 4.4.1-4ubuntu8' --with-bugurl=file:///usr/share/doc/gcc-4.4/README.Bugs --enable-languages=c,c++,fortran,objc,obj-c++ --prefix=/usr --enable-shared --enable-multiarch --enable-linker-build-id --with-system-zlib --libexecdir=/usr/lib --without-included-gettext --enable-threads=posix --with-gxx-include-dir=/usr/include/c++/4.4 --program-suffix=-4.4 --enable-nls --enable-clocale=gnu --enable-libstdcxx-debug --enable-objc-gc --disable-werror --with-arch-32=i486 --with-tune=generic --enable-checking=release --build=x86_64-linux-gnu --host=x86_64-linux-gnu --target=x86_64-linux-gnu
Thread model: posix
gcc version 4.4.1 (Ubuntu 4.4.1-4ubuntu8) 
configure:3990: $? = 0
configure:3979: gcc -V >&5
gcc: '-V' option must have argument
configure:3990: $? = 1
configure:3979: gcc -qversion >&5
gcc: unrecognized option '-qversion'
gcc: no input files
configure:3990: $? = 1
configure:3994: checking whether we are using the GNU C compiler
configure:4013: gcc -c   conftest.c >&5
configure:4013: $? = 0
configure:4022: result: yes
configure:4031: checking whether gcc accepts -g
configure:4051: gcc -c -g  conftest.c >&5
configure:4051: $? = 0
configure:4092: result: yes
configure:4109: checking for gcc option to accept ISO C89
configure:4173: gcc  -c -g -O2  conftest.c >&5
configure:4173: $? = 0
configure:4186: result: none needed
configure:4208: checking dependency style of gcc
configure:4318: result: gcc3
configure:4333: checking for a sed that does not truncate output
configure:4397: result: /home/mpsilfve/bin/sed
configure:4415: checking for grep that handles long lines and -e
configure:4473: result: /home/mpsilfve/bin/grep
configure:4478: checking for egrep
configure:4540: result: /home/mpsilfve/bin/grep -E
configure:4545: checking for fgrep
configure:4607: result: /home/mpsilfve/bin/grep -F
configure:4642: checking for ld used by gcc
configure:4709: result: /usr/bin/ld
configure:4716: checking if the linker (/usr/bin/ld) is GNU ld
configure:4731: result: yes
configure:4743: checking for BSD- or MS-compatible name lister (nm)
configure:4792: result: /usr/bin/nm -B
configure:4910: checking the name lister (/usr/bin/nm -B) interface
configure:4917: gcc -c -g -O2  conftest.c >&5
configure:4920: /usr/bin/nm -B "conftest.o"
configure:4923: output
0000000000000000 B some_variable
configure:4930: result: BSD nm
configure:4933: checking whether ln -s works
configure:4937: result: yes
configure:4945: checking the maximum length of command line arguments
configure:5065: result: 1572864
configure:5082: checking whether the shell understands some XSI constructs
configure:5092: result: yes
configure:5096: checking whether the shell understands "+="
configure:5102: result: yes
configure:5137: checking for /usr/bin/ld option to reload object files
configure:5144: result: -r
configure:5213: checking for objdump
configure:5229: found /usr/bin/objdump
configure:5240: result: objdump
configure:5272: checking how to recognize dependent libraries
configure:5468: result: pass_all
configure:5528: checking for ar
configure:5544: found /usr/bin/ar
configure:5555: result: ar
configure:5633: checking for strip
configure:5649: found /usr/bin/strip
configure:5660: result: strip
configure:5732: checking for ranlib
configure:5748: found /usr/bin/ranlib
configure:5759: result: ranlib
configure:5849: checking command to parse /usr/bin/nm -B output from gcc object
configure:5967: gcc -c -g -O2  conftest.c >&5
configure:5970: $? = 0
configure:5974: /usr/bin/nm -B conftest.o \| sed -n -e 's/^.*[	 ]\([ABCDGIRSTW][ABCDGIRSTW]*\)[	 ][	 ]*\([_A-Za-z][_A-Za-z0-9]*\)$/\1 \2 \2/p' \> conftest.nm
configure:5977: $? = 0
configure:6031: gcc -o conftest -g -O2   conftest.c conftstm.o >&5
configure:6034: $? = 0
configure:6072: result: ok
configure:6168: gcc -c -g -O2  conftest.c >&5
configure:6171: $? = 0
configure:6881: checking how to run the C preprocessor
configure:6912: gcc -E  conftest.c
configure:6912: $? = 0
configure:6926: gcc -E  conftest.c
conftest.c:11:28: error: ac_nonexistent.h: No such file or directory
configure:6926: $? = 1
configure: failed program was:
| /* confdefs.h */
| #define PACKAGE_NAME "OpenFst"
| #define PACKAGE_TARNAME "openfst"
| #define PACKAGE_VERSION "1.1"
| #define PACKAGE_STRING "OpenFst 1.1"
| #define PACKAGE_BUGREPORT "help@www.openfst.org"
| #define PACKAGE_URL ""
| #define PACKAGE "openfst"
| #define VERSION "1.1"
| /* end confdefs.h.  */
| #include <ac_nonexistent.h>
configure:6951: result: gcc -E
configure:6971: gcc -E  conftest.c
configure:6971: $? = 0
configure:6985: gcc -E  conftest.c
conftest.c:11:28: error: ac_nonexistent.h: No such file or directory
configure:6985: $? = 1
configure: failed program was:
| /* confdefs.h */
| #define PACKAGE_NAME "OpenFst"
| #define PACKAGE_TARNAME "openfst"
| #define PACKAGE_VERSION "1.1"
| #define PACKAGE_STRING "OpenFst 1.1"
| #define PACKAGE_BUGREPORT "help@www.openfst.org"
| #define PACKAGE_URL ""
| #define PACKAGE "openfst"
| #define VERSION "1.1"
| /* end confdefs.h.  */
| #include <ac_nonexistent.h>
configure:7014: checking for ANSI C header files
configure:7034: gcc -c -g -O2  conftest.c >&5
configure:7034: $? = 0
configure:7107: gcc -o conftest -g -O2   conftest.c  >&5
configure:7107: $? = 0
configure:7107: ./conftest
configure:7107: $? = 0
configure:7118: result: yes
configure:7131: checking for sys/types.h
configure:7131: gcc -c -g -O2  conftest.c >&5
configure:7131: $? = 0
configure:7131: result: yes
configure:7131: checking for sys/stat.h
configure:7131: gcc -c -g -O2  conftest.c >&5
configure:7131: $? = 0
configure:7131: result: yes
configure:7131: checking for stdlib.h
configure:7131: gcc -c -g -O2  conftest.c >&5
configure:7131: $? = 0
configure:7131: result: yes
configure:7131: checking for string.h
configure:7131: gcc -c -g -O2  conftest.c >&5
configure:7131: $? = 0
configure:7131: result: yes
configure:7131: checking for memory.h
configure:7131: gcc -c -g -O2  conftest.c >&5
configure:7131: $? = 0
configure:7131: result: yes
configure:7131: checking for strings.h
configure:7131: gcc -c -g -O2  conftest.c >&5
configure:7131: $? = 0
configure:7131: result: yes
configure:7131: checking for inttypes.h
configure:7131: gcc -c -g -O2  conftest.c >&5
configure:7131: $? = 0
configure:7131: result: yes
configure:7131: checking for stdint.h
configure:7131: gcc -c -g -O2  conftest.c >&5
configure:7131: $? = 0
configure:7131: result: yes
configure:7131: checking for unistd.h
configure:7131: gcc -c -g -O2  conftest.c >&5
configure:7131: $? = 0
configure:7131: result: yes
configure:7146: checking for dlfcn.h
configure:7146: gcc -c -g -O2  conftest.c >&5
configure:7146: $? = 0
configure:7146: result: yes
configure:7271: checking for C++ compiler version
configure:7280: g++ --version >&5
g++ (Ubuntu 4.4.1-4ubuntu8) 4.4.1
Copyright (C) 2009 Free Software Foundation, Inc.
This is free software; see the source for copying conditions.  There is NO
warranty; not even for MERCHANTABILITY or FITNESS FOR A PARTICULAR PURPOSE.

configure:7291: $? = 0
configure:7280: g++ -v >&5
Using built-in specs.
Target: x86_64-linux-gnu
Configured with: ../src/configure -v --with-pkgversion='Ubuntu 4.4.1-4ubuntu8' --with-bugurl=file:///usr/share/doc/gcc-4.4/README.Bugs --enable-languages=c,c++,fortran,objc,obj-c++ --prefix=/usr --enable-shared --enable-multiarch --enable-linker-build-id --with-system-zlib --libexecdir=/usr/lib --without-included-gettext --enable-threads=posix --with-gxx-include-dir=/usr/include/c++/4.4 --program-suffix=-4.4 --enable-nls --enable-clocale=gnu --enable-libstdcxx-debug --enable-objc-gc --disable-werror --with-arch-32=i486 --with-tune=generic --enable-checking=release --build=x86_64-linux-gnu --host=x86_64-linux-gnu --target=x86_64-linux-gnu
Thread model: posix
gcc version 4.4.1 (Ubuntu 4.4.1-4ubuntu8) 
configure:7291: $? = 0
configure:7280: g++ -V >&5
g++: '-V' option must have argument
configure:7291: $? = 1
configure:7280: g++ -qversion >&5
g++: unrecognized option '-qversion'
g++: no input files
configure:7291: $? = 1
configure:7295: checking whether we are using the GNU C++ compiler
configure:7323: result: yes
configure:7332: checking whether g++ accepts -g
configure:7393: result: yes
configure:7418: checking dependency style of g++
configure:7528: result: gcc3
configure:7551: checking how to run the C++ preprocessor
configure:7578: g++ -E  conftest.cpp
configure:7578: $? = 0
configure:7592: g++ -E  conftest.cpp
conftest.cpp:22:28: error: ac_nonexistent.h: No such file or directory
configure:7592: $? = 1
configure: failed program was:
| /* confdefs.h */
| #define PACKAGE_NAME "OpenFst"
| #define PACKAGE_TARNAME "openfst"
| #define PACKAGE_VERSION "1.1"
| #define PACKAGE_STRING "OpenFst 1.1"
| #define PACKAGE_BUGREPORT "help@www.openfst.org"
| #define PACKAGE_URL ""
| #define PACKAGE "openfst"
| #define VERSION "1.1"
| #define STDC_HEADERS 1
| #define HAVE_SYS_TYPES_H 1
| #define HAVE_SYS_STAT_H 1
| #define HAVE_STDLIB_H 1
| #define HAVE_STRING_H 1
| #define HAVE_MEMORY_H 1
| #define HAVE_STRINGS_H 1
| #define HAVE_INTTYPES_H 1
| #define HAVE_STDINT_H 1
| #define HAVE_UNISTD_H 1
| #define HAVE_DLFCN_H 1
| /* end confdefs.h.  */
| #include <ac_nonexistent.h>
configure:7617: result: g++ -E
configure:7637: g++ -E  conftest.cpp
configure:7637: $? = 0
configure:7651: g++ -E  conftest.cpp
conftest.cpp:22:28: error: ac_nonexistent.h: No such file or directory
configure:7651: $? = 1
configure: failed program was:
| /* confdefs.h */
| #define PACKAGE_NAME "OpenFst"
| #define PACKAGE_TARNAME "openfst"
| #define PACKAGE_VERSION "1.1"
| #define PACKAGE_STRING "OpenFst 1.1"
| #define PACKAGE_BUGREPORT "help@www.openfst.org"
| #define PACKAGE_URL ""
| #define PACKAGE "openfst"
| #define VERSION "1.1"
| #define STDC_HEADERS 1
| #define HAVE_SYS_TYPES_H 1
| #define HAVE_SYS_STAT_H 1
| #define HAVE_STDLIB_H 1
| #define HAVE_STRING_H 1
| #define HAVE_MEMORY_H 1
| #define HAVE_STRINGS_H 1
| #define HAVE_INTTYPES_H 1
| #define HAVE_STDINT_H 1
| #define HAVE_UNISTD_H 1
| #define HAVE_DLFCN_H 1
| /* end confdefs.h.  */
| #include <ac_nonexistent.h>
configure:7857: checking for objdir
configure:7872: result: .libs
configure:8164: checking if gcc supports -fno-rtti -fno-exceptions
configure:8182: gcc -c -g -O2  -fno-rtti -fno-exceptions conftest.c >&5
cc1: warning: command line option "-fno-rtti" is valid for C++/ObjC++ but not for C
configure:8186: $? = 0
configure:8199: result: no
configure:8219: checking for gcc option to produce PIC
configure:8491: result: -fPIC -DPIC
configure:8503: checking if gcc PIC flag -fPIC -DPIC works
configure:8521: gcc -c -g -O2  -fPIC -DPIC -DPIC conftest.c >&5
configure:8525: $? = 0
configure:8538: result: yes
configure:8562: checking if gcc static flag -static works
configure:8590: result: yes
configure:8605: checking if gcc supports -c -o file.o
configure:8626: gcc -c -g -O2  -o out/conftest2.o conftest.c >&5
configure:8630: $? = 0
configure:8652: result: yes
configure:8660: checking if gcc supports -c -o file.o
configure:8707: result: yes
configure:8740: checking whether the gcc linker (/usr/bin/ld -m elf_x86_64) supports shared libraries
configure:9730: result: yes
configure:9767: checking whether -lc should be explicitly linked in
configure:9772: gcc -c -g -O2  conftest.c >&5
configure:9775: $? = 0
configure:9790: gcc -shared conftest.o  -v -Wl,-soname -Wl,conftest -o conftest 2\>\&1 \| /home/mpsilfve/bin/grep  -lc  \>/dev/null 2\>\&1
configure:9793: $? = 0
configure:9805: result: no
configure:9969: checking dynamic linker characteristics
configure:10402: gcc -o conftest -g -O2   -Wl,-rpath -Wl,/foo conftest.c  >&5
configure:10402: $? = 0
configure:10632: result: GNU/Linux ld.so
configure:10734: checking how to hardcode library paths into programs
configure:10759: result: immediate
configure:11279: checking whether stripping libraries is possible
configure:11284: result: yes
configure:11319: checking if libtool supports shared libraries
configure:11321: result: yes
configure:11324: checking whether to build shared libraries
configure:11345: result: yes
configure:11348: checking whether to build static libraries
configure:11352: result: yes
configure:11502: checking for ld used by g++
configure:11569: result: /usr/bin/ld -m elf_x86_64
configure:11576: checking if the linker (/usr/bin/ld -m elf_x86_64) is GNU ld
configure:11591: result: yes
configure:11646: checking whether the g++ linker (/usr/bin/ld -m elf_x86_64) supports shared libraries
configure:12559: result: yes
configure:12587: g++ -c -g -O2  conftest.cpp >&5
configure:12590: $? = 0
configure:12772: checking for g++ option to produce PIC
configure:13089: result: -fPIC -DPIC
configure:13098: checking if g++ PIC flag -fPIC -DPIC works
configure:13116: g++ -c -g -O2  -fPIC -DPIC -DPIC conftest.cpp >&5
configure:13120: $? = 0
configure:13133: result: yes
configure:13154: checking if g++ static flag -static works
configure:13182: result: yes
configure:13194: checking if g++ supports -c -o file.o
configure:13215: g++ -c -g -O2  -o out/conftest2.o conftest.cpp >&5
configure:13219: $? = 0
configure:13241: result: yes
configure:13246: checking if g++ supports -c -o file.o
configure:13293: result: yes
configure:13323: checking whether the g++ linker (/usr/bin/ld -m elf_x86_64) supports shared libraries
configure:13352: result: yes
configure:13489: checking dynamic linker characteristics
configure:13870: g++ -o conftest -g -O2   -Wl,-rpath -Wl,/foo conftest.cpp  >&5
configure:13870: $? = 0
configure:14100: result: GNU/Linux ld.so
configure:14151: checking how to hardcode library paths into programs
configure:14176: result: immediate
configure:14245: checking for std::tr1::hash<long long unsigned>
configure:14245: g++ -c -g -O2  conftest.cpp >&5
configure:14245: $? = 0
configure:14245: g++ -c -g -O2  conftest.cpp >&5
conftest.cpp: In function 'int main()':
conftest.cpp:28: error: expected primary-expression before ')' token
configure:14245: $? = 1
configure: failed program was:
| /* confdefs.h */
| #define PACKAGE_NAME "OpenFst"
| #define PACKAGE_TARNAME "openfst"
| #define PACKAGE_VERSION "1.1"
| #define PACKAGE_STRING "OpenFst 1.1"
| #define PACKAGE_BUGREPORT "help@www.openfst.org"
| #define PACKAGE_URL ""
| #define PACKAGE "openfst"
| #define VERSION "1.1"
| #define STDC_HEADERS 1
| #define HAVE_SYS_TYPES_H 1
| #define HAVE_SYS_STAT_H 1
| #define HAVE_STDLIB_H 1
| #define HAVE_STRING_H 1
| #define HAVE_MEMORY_H 1
| #define HAVE_STRINGS_H 1
| #define HAVE_INTTYPES_H 1
| #define HAVE_STDINT_H 1
| #define HAVE_UNISTD_H 1
| #define HAVE_DLFCN_H 1
| #define LT_OBJDIR ".libs/"
| /* end confdefs.h.  */
| #include <tr1/unordered_map>
| 
| int
| main ()
| {
| if (sizeof ((std::tr1::hash<long long unsigned>)))
| 	    return 0;
|   ;
|   return 0;
| }
configure:14245: result: yes
configure:14256: checking for __gnu_cxx::slist<int>
configure:14256: g++ -c -g -O2  conftest.cpp >&5
configure:14256: $? = 0
configure:14256: g++ -c -g -O2  conftest.cpp >&5
conftest.cpp: In function 'int main()':
conftest.cpp:29: error: expected primary-expression before ')' token
configure:14256: $? = 1
configure: failed program was:
| /* confdefs.h */
| #define PACKAGE_NAME "OpenFst"
| #define PACKAGE_TARNAME "openfst"
| #define PACKAGE_VERSION "1.1"
| #define PACKAGE_STRING "OpenFst 1.1"
| #define PACKAGE_BUGREPORT "help@www.openfst.org"
| #define PACKAGE_URL ""
| #define PACKAGE "openfst"
| #define VERSION "1.1"
| #define STDC_HEADERS 1
| #define HAVE_SYS_TYPES_H 1
| #define HAVE_SYS_STAT_H 1
| #define HAVE_STDLIB_H 1
| #define HAVE_STRING_H 1
| #define HAVE_MEMORY_H 1
| #define HAVE_STRINGS_H 1
| #define HAVE_INTTYPES_H 1
| #define HAVE_STDINT_H 1
| #define HAVE_UNISTD_H 1
| #define HAVE_DLFCN_H 1
| #define LT_OBJDIR ".libs/"
| #define HAVE_STD__TR1__HASH_LONG_LONG_UNSIGNED_ 1
| /* end confdefs.h.  */
| #include <ext/slist>
| 
| int
| main ()
| {
| if (sizeof ((__gnu_cxx::slist<int>)))
| 	    return 0;
|   ;
|   return 0;
| }
configure:14256: result: yes
configure:14393: creating ./config.status

## ---------------------- ##
## Running config.status. ##
## ---------------------- ##

This file was extended by OpenFst config.status 1.1, which was
generated by GNU Autoconf 2.64.  Invocation command line was

  CONFIG_FILES    = 
  CONFIG_HEADERS  = 
  CONFIG_LINKS    = 
  CONFIG_COMMANDS = 
  $ ./config.status 

on hfst

config.status:1128: creating Makefile
config.status:1128: creating src/Makefile
config.status:1128: creating src/include/Makefile
config.status:1128: creating src/lib/Makefile
config.status:1128: creating src/bin/Makefile
config.status:1128: creating src/test/Makefile
config.status:1128: creating config.h
config.status:1128: creating src/include/fst/config.h
config.status:1300: src/include/fst/config.h is unchanged
config.status:1348: executing depfiles commands
config.status:1348: executing libtool commands

## ---------------- ##
## Cache variables. ##
## ---------------- ##

ac_cv_build=x86_64-unknown-linux-gnu
ac_cv_c_compiler_gnu=yes
ac_cv_cxx_compiler_gnu=yes
ac_cv_env_CCC_set=
ac_cv_env_CCC_value=
ac_cv_env_CC_set=
ac_cv_env_CC_value=
ac_cv_env_CFLAGS_set=
ac_cv_env_CFLAGS_value=
ac_cv_env_CPPFLAGS_set=
ac_cv_env_CPPFLAGS_value=
ac_cv_env_CPP_set=
ac_cv_env_CPP_value=
ac_cv_env_CXXCPP_set=
ac_cv_env_CXXCPP_value=
ac_cv_env_CXXFLAGS_set=
ac_cv_env_CXXFLAGS_value=
ac_cv_env_CXX_set=
ac_cv_env_CXX_value=
ac_cv_env_LDFLAGS_set=
ac_cv_env_LDFLAGS_value=
ac_cv_env_LIBS_set=
ac_cv_env_LIBS_value=
ac_cv_env_build_alias_set=
ac_cv_env_build_alias_value=
ac_cv_env_host_alias_set=
ac_cv_env_host_alias_value=
ac_cv_env_target_alias_set=
ac_cv_env_target_alias_value=
ac_cv_header_dlfcn_h=yes
ac_cv_header_inttypes_h=yes
ac_cv_header_memory_h=yes
ac_cv_header_stdc=yes
ac_cv_header_stdint_h=yes
ac_cv_header_stdlib_h=yes
ac_cv_header_string_h=yes
ac_cv_header_strings_h=yes
ac_cv_header_sys_stat_h=yes
ac_cv_header_sys_types_h=yes
ac_cv_header_unistd_h=yes
ac_cv_host=x86_64-unknown-linux-gnu
ac_cv_objext=o
ac_cv_path_EGREP='/home/mpsilfve/bin/grep -E'
ac_cv_path_FGREP='/home/mpsilfve/bin/grep -F'
ac_cv_path_GREP=/home/mpsilfve/bin/grep
ac_cv_path_SED=/home/mpsilfve/bin/sed
ac_cv_path_install='/usr/bin/install -c'
ac_cv_path_mkdir=/home/mpsilfve/bin/mkdir
ac_cv_prog_AWK=gawk
ac_cv_prog_CPP='gcc -E'
ac_cv_prog_CXXCPP='g++ -E'
ac_cv_prog_ac_ct_AR=ar
ac_cv_prog_ac_ct_CC=gcc
ac_cv_prog_ac_ct_CXX=g++
ac_cv_prog_ac_ct_OBJDUMP=objdump
ac_cv_prog_ac_ct_RANLIB=ranlib
ac_cv_prog_ac_ct_STRIP=strip
ac_cv_prog_cc_c89=
ac_cv_prog_cc_g=yes
ac_cv_prog_cxx_g=yes
ac_cv_prog_make_make_set=yes
ac_cv_type___gnu_cxx__slist_int_=yes
ac_cv_type_std__tr1__hash_long_long_unsigned_=yes
am_cv_CC_dependencies_compiler_type=gcc3
am_cv_CXX_dependencies_compiler_type=gcc3
lt_cv_deplibs_check_method=pass_all
lt_cv_file_magic_cmd='$MAGIC_CMD'
lt_cv_file_magic_test_file=
lt_cv_ld_reload_flag=-r
lt_cv_nm_interface='BSD nm'
lt_cv_objdir=.libs
lt_cv_path_LD=/usr/bin/ld
lt_cv_path_LDCXX='/usr/bin/ld -m elf_x86_64'
lt_cv_path_NM='/usr/bin/nm -B'
lt_cv_prog_compiler_c_o=yes
lt_cv_prog_compiler_c_o_CXX=yes
lt_cv_prog_compiler_pic_works=yes
lt_cv_prog_compiler_pic_works_CXX=yes
lt_cv_prog_compiler_rtti_exceptions=no
lt_cv_prog_compiler_static_works=yes
lt_cv_prog_compiler_static_works_CXX=yes
lt_cv_prog_gnu_ld=yes
lt_cv_prog_gnu_ldcxx=yes
lt_cv_sys_global_symbol_pipe='sed -n -e '\''s/^.*[	 ]\([ABCDGIRSTW][ABCDGIRSTW]*\)[	 ][	 ]*\([_A-Za-z][_A-Za-z0-9]*\)$/\1 \2 \2/p'\'''
lt_cv_sys_global_symbol_to_c_name_address='sed -n -e '\''s/^: \([^ ]*\) $/  {\"\1\", (void *) 0},/p'\'' -e '\''s/^[ABCDGIRSTW]* \([^ ]*\) \([^ ]*\)$/  {"\2", (void *) \&\2},/p'\'''
lt_cv_sys_global_symbol_to_c_name_address_lib_prefix='sed -n -e '\''s/^: \([^ ]*\) $/  {\"\1\", (void *) 0},/p'\'' -e '\''s/^[ABCDGIRSTW]* \([^ ]*\) \(lib[^ ]*\)$/  {"\2", (void *) \&\2},/p'\'' -e '\''s/^[ABCDGIRSTW]* \([^ ]*\) \([^ ]*\)$/  {"lib\2", (void *) \&\2},/p'\'''
lt_cv_sys_global_symbol_to_cdecl='sed -n -e '\''s/^T .* \(.*\)$/extern int \1();/p'\'' -e '\''s/^[ABCDGIRSTW]* .* \(.*\)$/extern char \1;/p'\'''
lt_cv_sys_max_cmd_len=1572864

## ----------------- ##
## Output variables. ##
## ----------------- ##

ACLOCAL='${SHELL} /home/mpsilfve/hfst3/implementations/openfst-1.1/missing --run aclocal-1.11'
AMDEPBACKSLASH='\'
AMDEP_FALSE='#'
AMDEP_TRUE=''
AMTAR='${SHELL} /home/mpsilfve/hfst3/implementations/openfst-1.1/missing --run tar'
AR='ar'
AUTOCONF='${SHELL} /home/mpsilfve/hfst3/implementations/openfst-1.1/missing --run autoconf'
AUTOHEADER='${SHELL} /home/mpsilfve/hfst3/implementations/openfst-1.1/missing --run autoheader'
AUTOMAKE='${SHELL} /home/mpsilfve/hfst3/implementations/openfst-1.1/missing --run automake-1.11'
AWK='gawk'
CC='gcc'
CCDEPMODE='depmode=gcc3'
CFLAGS='-g -O2'
CPP='gcc -E'
CPPFLAGS=''
CXX='g++'
CXXCPP='g++ -E'
CXXDEPMODE='depmode=gcc3'
CXXFLAGS='-g -O2'
CYGPATH_W='echo'
DEFS='-DHAVE_CONFIG_H'
DEPDIR='.deps'
DSYMUTIL=''
DUMPBIN=''
ECHO_C=''
ECHO_N='-n'
ECHO_T=''
EGREP='/home/mpsilfve/bin/grep -E'
EXEEXT=''
FGREP='/home/mpsilfve/bin/grep -F'
GREP='/home/mpsilfve/bin/grep'
INSTALL_DATA='${INSTALL} -m 644'
INSTALL_PROGRAM='${INSTALL}'
INSTALL_SCRIPT='${INSTALL}'
INSTALL_STRIP_PROGRAM='$(install_sh) -c -s'
LD='/usr/bin/ld -m elf_x86_64'
LDFLAGS=''
LIBOBJS=''
LIBS=''
LIBTOOL='$(SHELL) $(top_builddir)/libtool'
LIPO=''
LN_S='ln -s'
LTLIBOBJS=''
MAKEINFO='${SHELL} /home/mpsilfve/hfst3/implementations/openfst-1.1/missing --run makeinfo'
MKDIR_P='/home/mpsilfve/bin/mkdir -p'
NM='/usr/bin/nm -B'
NMEDIT=''
OBJDUMP='objdump'
OBJEXT='o'
OTOOL64=''
OTOOL=''
PACKAGE='openfst'
PACKAGE_BUGREPORT='help@www.openfst.org'
PACKAGE_NAME='OpenFst'
PACKAGE_STRING='OpenFst 1.1'
PACKAGE_TARNAME='openfst'
PACKAGE_URL=''
PACKAGE_VERSION='1.1'
PATH_SEPARATOR=':'
RANLIB='ranlib'
SED='/home/mpsilfve/bin/sed'
SET_MAKE=''
SHELL='/bin/bash'
STRIP='strip'
VERSION='1.1'
ac_ct_CC='gcc'
ac_ct_CXX='g++'
ac_ct_DUMPBIN=''
am__EXEEXT_FALSE=''
am__EXEEXT_TRUE='#'
am__fastdepCC_FALSE='#'
am__fastdepCC_TRUE=''
am__fastdepCXX_FALSE='#'
am__fastdepCXX_TRUE=''
am__include='include'
am__isrc=''
am__leading_dot='.'
am__quote=''
am__tar='${AMTAR} chof - "$$tardir"'
am__untar='${AMTAR} xf -'
bindir='${exec_prefix}/bin'
build='x86_64-unknown-linux-gnu'
build_alias=''
build_cpu='x86_64'
build_os='linux-gnu'
build_vendor='unknown'
datadir='${datarootdir}'
datarootdir='${prefix}/share'
docdir='${datarootdir}/doc/${PACKAGE_TARNAME}'
dvidir='${docdir}'
exec_prefix='${prefix}'
host='x86_64-unknown-linux-gnu'
host_alias=''
host_cpu='x86_64'
host_os='linux-gnu'
host_vendor='unknown'
htmldir='${docdir}'
includedir='${prefix}/include'
infodir='${datarootdir}/info'
install_sh='${SHELL} /home/mpsilfve/hfst3/implementations/openfst-1.1/install-sh'
libdir='${exec_prefix}/lib'
libexecdir='${exec_prefix}/libexec'
localedir='${datarootdir}/locale'
localstatedir='${prefix}/var'
lt_ECHO='echo'
mandir='${datarootdir}/man'
mkdir_p='/home/mpsilfve/bin/mkdir -p'
oldincludedir='/usr/include'
pdfdir='${docdir}'
prefix='/usr/local'
program_transform_name='s,x,x,'
psdir='${docdir}'
sbindir='${exec_prefix}/sbin'
sharedstatedir='${prefix}/com'
sysconfdir='${prefix}/etc'
target_alias=''

## ----------- ##
## confdefs.h. ##
## ----------- ##

/* confdefs.h */
#define PACKAGE_NAME "OpenFst"
#define PACKAGE_TARNAME "openfst"
#define PACKAGE_VERSION "1.1"
#define PACKAGE_STRING "OpenFst 1.1"
#define PACKAGE_BUGREPORT "help@www.openfst.org"
#define PACKAGE_URL ""
#define PACKAGE "openfst"
#define VERSION "1.1"
#define STDC_HEADERS 1
#define HAVE_SYS_TYPES_H 1
#define HAVE_SYS_STAT_H 1
#define HAVE_STDLIB_H 1
#define HAVE_STRING_H 1
#define HAVE_MEMORY_H 1
#define HAVE_STRINGS_H 1
#define HAVE_INTTYPES_H 1
#define HAVE_STDINT_H 1
#define HAVE_UNISTD_H 1
#define HAVE_DLFCN_H 1
#define LT_OBJDIR ".libs/"
#define HAVE_STD__TR1__HASH_LONG_LONG_UNSIGNED_ 1
#define HAVE___GNU_CXX__SLIST_INT_ 1

configure: exit 0

## ---------------------- ##
## Running config.status. ##
## ---------------------- ##

This file was extended by OpenFst config.status 1.1, which was
generated by GNU Autoconf 2.64.  Invocation command line was

  CONFIG_FILES    = 
  CONFIG_HEADERS  = 
  CONFIG_LINKS    = 
  CONFIG_COMMANDS = 
  $ ./config.status 

on hfst

config.status:1128: creating Makefile
config.status:1128: creating src/Makefile
config.status:1128: creating src/include/Makefile
config.status:1128: creating src/lib/Makefile
config.status:1128: creating src/bin/Makefile
config.status:1128: creating src/test/Makefile
config.status:1128: creating config.h
config.status:1300: config.h is unchanged
config.status:1128: creating src/include/fst/config.h
config.status:1300: src/include/fst/config.h is unchanged
config.status:1348: executing depfiles commands
config.status:1348: executing libtool commands
